<?xml version="1.0" encoding="UTF-8"?>
<testng-results skipped="0" failed="0" total="2" passed="2">
  <reporter-output>
  </reporter-output>
  <suite name="smoke-test-suite" duration-ms="60806" started-at="2015-06-02T21:01:17Z" finished-at="2015-06-02T21:02:17Z">
    <groups>
    </groups>
    <test name="SingleTest" duration-ms="60806" started-at="2015-06-02T21:01:17Z" finished-at="2015-06-02T21:02:17Z">
      <class name="com.applitrack.test.automation.tests.LogInTest">
        <test-method status="PASS" signature="beforeSuite(java.lang.String)[pri:0, instance:com.applitrack.test.automation.tests.LogInTest@c818063]" name="beforeSuite" is-config="true" duration-ms="35" started-at="2015-06-02T16:01:17Z" finished-at="2015-06-02T16:01:17Z">
          <params>
            <param index="0">
              <value>
                <![CDATA[.]]>
              </value>
            </param>
          </params>
          <reporter-output>
          </reporter-output>
        </test-method> <!-- beforeSuite -->
        <test-method status="PASS" signature="beforeTest(java.lang.String, java.lang.String, java.lang.String, java.lang.String, java.lang.String, java.lang.String)[pri:0, instance:com.applitrack.test.automation.tests.LogInTest@c818063]" name="beforeTest" is-config="true" duration-ms="23700" started-at="2015-06-02T16:01:17Z" finished-at="2015-06-02T16:01:40Z">
          <params>
            <param index="0">
              <value>
                <![CDATA[]]>
              </value>
            </param>
            <param index="1">
              <value>
                <![CDATA[http://www.applitrack.com/dex]]>
              </value>
            </param>
            <param index="2">
              <value>
                <![CDATA[win]]>
              </value>
            </param>
            <param index="3">
              <value>
                <![CDATA[firefox]]>
              </value>
            </param>
            <param index="4">
              <value>
                <![CDATA[34]]>
              </value>
            </param>
            <param index="5">
              <value>
                <![CDATA[true]]>
              </value>
            </param>
          </params>
          <reporter-output>
          </reporter-output>
        </test-method> <!-- beforeTest -->
        <test-method status="PASS" signature="invalidLoginTest(java.util.HashMap)[pri:0, instance:com.applitrack.test.automation.tests.LogInTest@c818063]" name="invalidLoginTest" duration-ms="3082" started-at="2015-06-02T16:01:40Z" data-provider="dataProvider" finished-at="2015-06-02T16:01:43Z">
          <params>
            <param index="0">
              <value>
                <![CDATA[{password=tryout, searchby=employee, searchquery=105, username=tryout}]]>
              </value>
            </param>
          </params>
          <reporter-output>
          </reporter-output>
        </test-method> <!-- invalidLoginTest -->
        <test-method status="PASS" signature="afterTest(org.testng.ITestResult)[pri:0, instance:com.applitrack.test.automation.tests.LogInTest@c818063]" name="afterTest" is-config="true" duration-ms="805" started-at="2015-06-02T16:01:43Z" finished-at="2015-06-02T16:01:44Z">
          <params>
            <param index="0">
              <value>
                <![CDATA[[TestResult name=invalidLoginTest status=SUCCESS method=LogInTest.invalidLoginTest(java.util.HashMap)[pri:0, instance:com.applitrack.test.automation.tests.LogInTest@c818063] output={null}]]]>
              </value>
            </param>
          </params>
          <reporter-output>
          </reporter-output>
        </test-method> <!-- afterTest -->
        <test-method status="PASS" signature="beforeTest(java.lang.String, java.lang.String, java.lang.String, java.lang.String, java.lang.String, java.lang.String)[pri:0, instance:com.applitrack.test.automation.tests.LogInTest@c818063]" name="beforeTest" is-config="true" duration-ms="18331" started-at="2015-06-02T16:01:44Z" finished-at="2015-06-02T16:02:03Z">
          <params>
            <param index="0">
              <value>
                <![CDATA[]]>
              </value>
            </param>
            <param index="1">
              <value>
                <![CDATA[http://www.applitrack.com/dex]]>
              </value>
            </param>
            <param index="2">
              <value>
                <![CDATA[win]]>
              </value>
            </param>
            <param index="3">
              <value>
                <![CDATA[firefox]]>
              </value>
            </param>
            <param index="4">
              <value>
                <![CDATA[34]]>
              </value>
            </param>
            <param index="5">
              <value>
                <![CDATA[true]]>
              </value>
            </param>
          </params>
          <reporter-output>
          </reporter-output>
        </test-method> <!-- beforeTest -->
        <test-method status="PASS" signature="sucessfullLoginTest(java.util.HashMap)[pri:0, instance:com.applitrack.test.automation.tests.LogInTest@c818063]" name="sucessfullLoginTest" duration-ms="14021" started-at="2015-06-02T16:02:03Z" data-provider="dataProvider" finished-at="2015-06-02T16:02:17Z">
          <params>
            <param index="0">
              <value>
                <![CDATA[{password=tryout, searchby=employee, searchquery=105, username=tryout}]]>
              </value>
            </param>
          </params>
          <reporter-output>
          </reporter-output>
        </test-method> <!-- sucessfullLoginTest -->
        <test-method status="PASS" signature="afterTest(org.testng.ITestResult)[pri:0, instance:com.applitrack.test.automation.tests.LogInTest@c818063]" name="afterTest" is-config="true" duration-ms="834" started-at="2015-06-02T16:02:17Z" finished-at="2015-06-02T16:02:17Z">
          <params>
            <param index="0">
              <value>
                <![CDATA[[TestResult name=sucessfullLoginTest status=SUCCESS method=LogInTest.sucessfullLoginTest(java.util.HashMap)[pri:0, instance:com.applitrack.test.automation.tests.LogInTest@c818063] output={null}]]]>
              </value>
            </param>
          </params>
          <reporter-output>
          </reporter-output>
        </test-method> <!-- afterTest -->
        <test-method status="PASS" signature="afterSuite(org.testng.ITestContext)[pri:0, instance:com.applitrack.test.automation.tests.LogInTest@c818063]" name="afterSuite" is-config="true" duration-ms="650" started-at="2015-06-02T16:02:18Z" finished-at="2015-06-02T16:02:18Z">
          <params>
            <param index="0">
              <value>
                <![CDATA[org.testng.TestRunner@1283bb96]]>
              </value>
            </param>
          </params>
          <reporter-output>
          </reporter-output>
        </test-method> <!-- afterSuite -->
      </class> <!-- com.applitrack.test.automation.tests.LogInTest -->
    </test> <!-- SingleTest -->
  </suite> <!-- smoke-test-suite -->
</testng-results>
